01:15:14 **** Incremental Build of configuration Debug for project midisynth1 ****
make -j20 all 
arm-none-eabi-gcc -o "midisynth1.elf" @"objects.list"   -mcpu=cortex-m4 -T"C:\Users\joels\Downloads\stm32disc_midisynth1-main\stm32disc_midisynth1-main\STM32F407VGTX_FLASH.ld" --specs=nosys.specs -Wl,-Map="midisynth1.map" -Wl,--gc-sections -static --specs=nano.specs -mfpu=fpv4-sp-d16 -mfloat-abi=hard -mthumb -u _printf_float -u _scanf_float -Wl,--start-group -lc -lm -Wl,--end-group
C:/ST/STM32CubeIDE_1.16.1/STM32CubeIDE/plugins/com.st.stm32cube.ide.mcu.externaltools.gnu-tools-for-stm32.12.3.rel1.win32_1.0.200.202406191623/tools/bin/../lib/gcc/arm-none-eabi/12.3.1/../../../../arm-none-eabi/bin/ld.exe: ./Core/Src/midisynth.o:C:/Users/joels/Downloads/stm32disc_midisynth1-main/stm32disc_midisynth1-main/Debug/../Core/Inc/wavetable.h:17: multiple definition of `sine_wave_table'; ./Core/Src/main.o:C:/Users/joels/Downloads/stm32disc_midisynth1-main/stm32disc_midisynth1-main/Debug/../Core/Inc/wavetable.h:17: first defined here
C:/ST/STM32CubeIDE_1.16.1/STM32CubeIDE/plugins/com.st.stm32cube.ide.mcu.externaltools.gnu-tools-for-stm32.12.3.rel1.win32_1.0.200.202406191623/tools/bin/../lib/gcc/arm-none-eabi/12.3.1/../../../../arm-none-eabi/bin/ld.exe: ./Core/Src/midisynth.o:C:/Users/joels/Downloads/stm32disc_midisynth1-main/stm32disc_midisynth1-main/Debug/../Core/Inc/wavetable.h:18: multiple definition of `saw_wave_table'; ./Core/Src/main.o:C:/Users/joels/Downloads/stm32disc_midisynth1-main/stm32disc_midisynth1-main/Debug/../Core/Inc/wavetable.h:18: first defined here
C:/ST/STM32CubeIDE_1.16.1/STM32CubeIDE/plugins/com.st.stm32cube.ide.mcu.externaltools.gnu-tools-for-stm32.12.3.rel1.win32_1.0.200.202406191623/tools/bin/../lib/gcc/arm-none-eabi/12.3.1/../../../../arm-none-eabi/bin/ld.exe: ./Core/Src/synth.o:C:/Users/joels/Downloads/stm32disc_midisynth1-main/stm32disc_midisynth1-main/Debug/../Core/Inc/wavetable.h:17: multiple definition of `sine_wave_table'; ./Core/Src/main.o:C:/Users/joels/Downloads/stm32disc_midisynth1-main/stm32disc_midisynth1-main/Debug/../Core/Inc/wavetable.h:17: first defined here
C:/ST/STM32CubeIDE_1.16.1/STM32CubeIDE/plugins/com.st.stm32cube.ide.mcu.externaltools.gnu-tools-for-stm32.12.3.rel1.win32_1.0.200.202406191623/tools/bin/../lib/gcc/arm-none-eabi/12.3.1/../../../../arm-none-eabi/bin/ld.exe: ./Core/Src/synth.o:C:/Users/joels/Downloads/stm32disc_midisynth1-main/stm32disc_midisynth1-main/Debug/../Core/Inc/wavetable.h:18: multiple definition of `saw_wave_table'; ./Core/Src/main.o:C:/Users/joels/Downloads/stm32disc_midisynth1-main/stm32disc_midisynth1-main/Debug/../Core/Inc/wavetable.h:18: first defined here
C:/ST/STM32CubeIDE_1.16.1/STM32CubeIDE/plugins/com.st.stm32cube.ide.mcu.externaltools.gnu-tools-for-stm32.12.3.rel1.win32_1.0.200.202406191623/tools/bin/../lib/gcc/arm-none-eabi/12.3.1/../../../../arm-none-eabi/bin/ld.exe: ./Core/Src/wavetable.o:C:/Users/joels/Downloads/stm32disc_midisynth1-main/stm32disc_midisynth1-main/Debug/../Core/Inc/wavetable.h:17: multiple definition of `sine_wave_table'; ./Core/Src/main.o:C:/Users/joels/Downloads/stm32disc_midisynth1-main/stm32disc_midisynth1-main/Debug/../Core/Inc/wavetable.h:17: first defined here
C:/ST/STM32CubeIDE_1.16.1/STM32CubeIDE/plugins/com.st.stm32cube.ide.mcu.externaltools.gnu-tools-for-stm32.12.3.rel1.win32_1.0.200.202406191623/tools/bin/../lib/gcc/arm-none-eabi/12.3.1/../../../../arm-none-eabi/bin/ld.exe: ./Core/Src/wavetable.o:C:/Users/joels/Downloads/stm32disc_midisynth1-main/stm32disc_midisynth1-main/Debug/../Core/Inc/wavetable.h:18: multiple definition of `saw_wave_table'; ./Core/Src/main.o:C:/Users/joels/Downloads/stm32disc_midisynth1-main/stm32disc_midisynth1-main/Debug/../Core/Inc/wavetable.h:18: first defined here
C:/ST/STM32CubeIDE_1.16.1/STM32CubeIDE/plugins/com.st.stm32cube.ide.mcu.externaltools.gnu-tools-for-stm32.12.3.rel1.win32_1.0.200.202406191623/tools/bin/../lib/gcc/arm-none-eabi/12.3.1/../../../../arm-none-eabi/bin/ld.exe: warning: midisynth1.elf has a LOAD segment with RWX permissions
collect2.exe: error: ld returned 1 exit status
make: *** [makefile:71: midisynth1.elf] Error 1
"make -j20 all" terminated with exit code 2. Build might be incomplete.

01:15:15 Build Failed. 7 errors, 1 warnings. (took 1s.234ms)

